0 info it worked if it ends with ok
1 verbose cli [ '/usr/local/Cellar/node/7.0.0/bin/node',
1 verbose cli   '/usr/local/bin/npm',
1 verbose cli   'uninstall',
1 verbose cli   'npm',
1 verbose cli   '-g' ]
2 info using npm@3.10.8
3 info using node@v7.0.0
4 verbose stack Error: Cannot find module 'bl'
4 verbose stack     at Function.Module._resolveFilename (module.js:472:15)
4 verbose stack     at Function.Module._load (module.js:420:25)
4 verbose stack     at Module.require (module.js:500:17)
4 verbose stack     at require (internal/module.js:20:19)
4 verbose stack     at Object.<anonymous> (/usr/local/lib/node_modules/npm/node_modules/request/request.js:9:10)
4 verbose stack     at Module._compile (module.js:573:32)
4 verbose stack     at Object.Module._extensions..js (module.js:582:10)
4 verbose stack     at Module.load (module.js:490:32)
4 verbose stack     at tryModuleLoad (module.js:449:12)
4 verbose stack     at Function.Module._load (module.js:441:3)
5 verbose cwd /Users/Marco/Projecten/dashboard/Angle - Bootstrap Admin Template/backend-angular
6 error Darwin 16.3.0
7 error argv "/usr/local/Cellar/node/7.0.0/bin/node" "/usr/local/bin/npm" "uninstall" "npm" "-g"
8 error node v7.0.0
9 error npm  v3.10.8
10 error code MODULE_NOT_FOUND
11 error Cannot find module 'bl'
12 error If you need help, you may report this error at:
12 error     <https://github.com/npm/npm/issues>
13 verbose exit [ 1, true ]
